2012-06-17 19:47:19,522 - [INFO] - from play in main 
Listening for HTTP on port 9000...

2012-06-17 19:47:40,014 - [INFO] - from play in play-akka.actor.default-dispatcher-3 
database [default] connected at jdbc:mysql://localhost:8889/agora

2012-06-17 19:47:41,922 - [INFO] - from play in play-akka.actor.default-dispatcher-3 
Application started (Dev)

2012-06-17 19:47:42,229 - [ERROR] - from application in play-akka.actor.actions-dispatcher-6 


! @6alfk8po6 - Internal server error, for request [GET /ideas] ->

play.core.ActionInvoker$$anonfun$receive$1$$anon$1: Execution exception [[IndexOutOfBoundsException: Index: 0, Size: 0]]
	at play.core.ActionInvoker$$anonfun$receive$1.apply(Invoker.scala:82) [play_2.9.1.jar:2.0]
	at play.core.ActionInvoker$$anonfun$receive$1.apply(Invoker.scala:63) [play_2.9.1.jar:2.0]
	at akka.actor.Actor$class.apply(Actor.scala:290) [akka-actor.jar:2.0]
	at play.core.ActionInvoker.apply(Invoker.scala:61) [play_2.9.1.jar:2.0]
	at akka.actor.ActorCell.invoke(ActorCell.scala:617) [akka-actor.jar:2.0]
	at akka.dispatch.Mailbox.processMailbox(Mailbox.scala:179) [akka-actor.jar:2.0]
	at akka.dispatch.Mailbox.run(Mailbox.scala:161) [akka-actor.jar:2.0]
	at akka.dispatch.ForkJoinExecutorConfigurator$MailboxExecutionTask.exec(AbstractDispatcher.scala:505) [akka-actor.jar:2.0]
	at akka.jsr166y.ForkJoinTask.doExec(ForkJoinTask.java:259) [akka-actor.jar:2.0]
	at akka.jsr166y.ForkJoinPool$WorkQueue.runTask(ForkJoinPool.java:997) [akka-actor.jar:2.0]
	at akka.jsr166y.ForkJoinPool.runWorker(ForkJoinPool.java:1495) [akka-actor.jar:2.0]
	at akka.jsr166y.ForkJoinWorkerThread.run(ForkJoinWorkerThread.java:104) [akka-actor.jar:2.0]
Caused by: java.lang.IndexOutOfBoundsException: Index: 0, Size: 0
	at java.util.ArrayList.RangeCheck(ArrayList.java:547) ~[na:1.6.0_33]
	at java.util.ArrayList.get(ArrayList.java:322) ~[na:1.6.0_33]
	at com.avaje.ebean.common.BeanList.get(BeanList.java:282) ~[ebean.jar:na]
	at models.Idea.extraInfo(Idea.java:84) ~[classes/:na]
	at controllers.Ideas.index(Ideas.java:61) ~[classes/:na]
	at Routes$$anonfun$routes$1$$anonfun$apply$3$$anonfun$apply$4.apply(routes_routing.scala:84) ~[classes/:na]
	at Routes$$anonfun$routes$1$$anonfun$apply$3$$anonfun$apply$4.apply(routes_routing.scala:84) ~[classes/:na]
	at play.core.Router$HandlerInvoker$$anon$4$$anon$1.invocation(Router.scala:1086) ~[play_2.9.1.jar:2.0]
	at play.core.j.JavaAction$$anon$1.call(JavaAction.scala:33) ~[play_2.9.1.jar:2.0]
	at play.core.j.JavaAction$class.apply(JavaAction.scala:74) ~[play_2.9.1.jar:2.0]
	at play.core.Router$HandlerInvoker$$anon$4$$anon$1.apply(Router.scala:1085) ~[play_2.9.1.jar:2.0]
	at play.core.ActionInvoker$$anonfun$receive$1$$anonfun$4.apply(Invoker.scala:74) ~[play_2.9.1.jar:2.0]
	at play.core.ActionInvoker$$anonfun$receive$1$$anonfun$4.apply(Invoker.scala:74) ~[play_2.9.1.jar:2.0]
	at play.utils.Threads$.withContextClassLoader(Threads.scala:17) ~[play_2.9.1.jar:2.0]
	at play.core.ActionInvoker$$anonfun$receive$1.apply(Invoker.scala:73) [play_2.9.1.jar:2.0]
	... 11 common frames omitted

2012-06-17 19:48:34,330 - [INFO] - from play in play-akka.actor.default-dispatcher-4 
database [default] connected at jdbc:mysql://localhost:8889/agora

2012-06-17 19:48:35,071 - [INFO] - from play in play-akka.actor.default-dispatcher-4 
Application started (Dev)

2012-06-17 19:49:09,507 - [ERROR] - from application in play-akka.actor.actions-dispatcher-10 


! @6alfk8po7 - Internal server error, for request [GET /ideas/change] ->

play.core.ActionInvoker$$anonfun$receive$1$$anon$1: Execution exception [[IndexOutOfBoundsException: Index: 0, Size: 0]]
	at play.core.ActionInvoker$$anonfun$receive$1.apply(Invoker.scala:82) [play_2.9.1.jar:2.0]
	at play.core.ActionInvoker$$anonfun$receive$1.apply(Invoker.scala:63) [play_2.9.1.jar:2.0]
	at akka.actor.Actor$class.apply(Actor.scala:290) [akka-actor.jar:2.0]
	at play.core.ActionInvoker.apply(Invoker.scala:61) [play_2.9.1.jar:2.0]
	at akka.actor.ActorCell.invoke(ActorCell.scala:617) [akka-actor.jar:2.0]
	at akka.dispatch.Mailbox.processMailbox(Mailbox.scala:179) [akka-actor.jar:2.0]
	at akka.dispatch.Mailbox.run(Mailbox.scala:161) [akka-actor.jar:2.0]
	at akka.dispatch.ForkJoinExecutorConfigurator$MailboxExecutionTask.exec(AbstractDispatcher.scala:505) [akka-actor.jar:2.0]
	at akka.jsr166y.ForkJoinTask.doExec(ForkJoinTask.java:259) [akka-actor.jar:2.0]
	at akka.jsr166y.ForkJoinPool$WorkQueue.runTask(ForkJoinPool.java:997) [akka-actor.jar:2.0]
	at akka.jsr166y.ForkJoinPool.runWorker(ForkJoinPool.java:1495) [akka-actor.jar:2.0]
	at akka.jsr166y.ForkJoinWorkerThread.run(ForkJoinWorkerThread.java:104) [akka-actor.jar:2.0]
Caused by: java.lang.IndexOutOfBoundsException: Index: 0, Size: 0
	at java.util.ArrayList.RangeCheck(ArrayList.java:547) ~[na:1.6.0_33]
	at java.util.ArrayList.get(ArrayList.java:322) ~[na:1.6.0_33]
	at com.avaje.ebean.common.BeanList.get(BeanList.java:282) ~[ebean.jar:na]
	at models.Idea.extraInfo(Idea.java:84) ~[classes/:na]
	at controllers.Ideas.change(Ideas.java:220) ~[classes/:na]
	at Routes$$anonfun$routes$1$$anonfun$apply$9$$anonfun$apply$10.apply(routes_routing.scala:108) ~[classes/:na]
	at Routes$$anonfun$routes$1$$anonfun$apply$9$$anonfun$apply$10.apply(routes_routing.scala:108) ~[classes/:na]
	at play.core.Router$HandlerInvoker$$anon$4$$anon$1.invocation(Router.scala:1086) ~[play_2.9.1.jar:2.0]
	at play.core.j.JavaAction$$anon$1.call(JavaAction.scala:33) ~[play_2.9.1.jar:2.0]
	at play.core.j.JavaAction$class.apply(JavaAction.scala:74) ~[play_2.9.1.jar:2.0]
	at play.core.Router$HandlerInvoker$$anon$4$$anon$1.apply(Router.scala:1085) ~[play_2.9.1.jar:2.0]
	at play.core.ActionInvoker$$anonfun$receive$1$$anonfun$4.apply(Invoker.scala:74) ~[play_2.9.1.jar:2.0]
	at play.core.ActionInvoker$$anonfun$receive$1$$anonfun$4.apply(Invoker.scala:74) ~[play_2.9.1.jar:2.0]
	at play.utils.Threads$.withContextClassLoader(Threads.scala:17) ~[play_2.9.1.jar:2.0]
	at play.core.ActionInvoker$$anonfun$receive$1.apply(Invoker.scala:73) [play_2.9.1.jar:2.0]
	... 11 common frames omitted

2012-06-17 19:49:12,279 - [ERROR] - from application in play-akka.actor.actions-dispatcher-10 


! @6alfk8po8 - Internal server error, for request [GET /ideas/show] ->

play.core.ActionInvoker$$anonfun$receive$1$$anon$1: Execution exception [[IndexOutOfBoundsException: Index: 0, Size: 0]]
	at play.core.ActionInvoker$$anonfun$receive$1.apply(Invoker.scala:82) [play_2.9.1.jar:2.0]
	at play.core.ActionInvoker$$anonfun$receive$1.apply(Invoker.scala:63) [play_2.9.1.jar:2.0]
	at akka.actor.Actor$class.apply(Actor.scala:290) [akka-actor.jar:2.0]
	at play.core.ActionInvoker.apply(Invoker.scala:61) [play_2.9.1.jar:2.0]
	at akka.actor.ActorCell.invoke(ActorCell.scala:617) [akka-actor.jar:2.0]
	at akka.dispatch.Mailbox.processMailbox(Mailbox.scala:179) [akka-actor.jar:2.0]
	at akka.dispatch.Mailbox.run(Mailbox.scala:161) [akka-actor.jar:2.0]
	at akka.dispatch.ForkJoinExecutorConfigurator$MailboxExecutionTask.exec(AbstractDispatcher.scala:505) [akka-actor.jar:2.0]
	at akka.jsr166y.ForkJoinTask.doExec(ForkJoinTask.java:259) [akka-actor.jar:2.0]
	at akka.jsr166y.ForkJoinPool$WorkQueue.runTask(ForkJoinPool.java:997) [akka-actor.jar:2.0]
	at akka.jsr166y.ForkJoinPool.runWorker(ForkJoinPool.java:1495) [akka-actor.jar:2.0]
	at akka.jsr166y.ForkJoinWorkerThread.run(ForkJoinWorkerThread.java:104) [akka-actor.jar:2.0]
Caused by: java.lang.IndexOutOfBoundsException: Index: 0, Size: 0
	at java.util.ArrayList.RangeCheck(ArrayList.java:547) ~[na:1.6.0_33]
	at java.util.ArrayList.get(ArrayList.java:322) ~[na:1.6.0_33]
	at com.avaje.ebean.common.BeanList.get(BeanList.java:282) ~[ebean.jar:na]
	at models.Idea.extraInfo(Idea.java:84) ~[classes/:na]
	at controllers.Ideas.show(Ideas.java:145) ~[classes/:na]
	at Routes$$anonfun$routes$1$$anonfun$apply$11$$anonfun$apply$12.apply(routes_routing.scala:116) ~[classes/:na]
	at Routes$$anonfun$routes$1$$anonfun$apply$11$$anonfun$apply$12.apply(routes_routing.scala:116) ~[classes/:na]
	at play.core.Router$HandlerInvoker$$anon$4$$anon$1.invocation(Router.scala:1086) ~[play_2.9.1.jar:2.0]
	at play.core.j.JavaAction$$anon$1.call(JavaAction.scala:33) ~[play_2.9.1.jar:2.0]
	at play.core.j.JavaAction$class.apply(JavaAction.scala:74) ~[play_2.9.1.jar:2.0]
	at play.core.Router$HandlerInvoker$$anon$4$$anon$1.apply(Router.scala:1085) ~[play_2.9.1.jar:2.0]
	at play.core.ActionInvoker$$anonfun$receive$1$$anonfun$4.apply(Invoker.scala:74) ~[play_2.9.1.jar:2.0]
	at play.core.ActionInvoker$$anonfun$receive$1$$anonfun$4.apply(Invoker.scala:74) ~[play_2.9.1.jar:2.0]
	at play.utils.Threads$.withContextClassLoader(Threads.scala:17) ~[play_2.9.1.jar:2.0]
	at play.core.ActionInvoker$$anonfun$receive$1.apply(Invoker.scala:73) [play_2.9.1.jar:2.0]
	... 11 common frames omitted

2012-06-17 19:49:14,443 - [ERROR] - from application in play-akka.actor.actions-dispatcher-10 


! @6alfk8po9 - Internal server error, for request [GET /ideas/change] ->

play.core.ActionInvoker$$anonfun$receive$1$$anon$1: Execution exception [[IndexOutOfBoundsException: Index: 0, Size: 0]]
	at play.core.ActionInvoker$$anonfun$receive$1.apply(Invoker.scala:82) [play_2.9.1.jar:2.0]
	at play.core.ActionInvoker$$anonfun$receive$1.apply(Invoker.scala:63) [play_2.9.1.jar:2.0]
	at akka.actor.Actor$class.apply(Actor.scala:290) [akka-actor.jar:2.0]
	at play.core.ActionInvoker.apply(Invoker.scala:61) [play_2.9.1.jar:2.0]
	at akka.actor.ActorCell.invoke(ActorCell.scala:617) [akka-actor.jar:2.0]
	at akka.dispatch.Mailbox.processMailbox(Mailbox.scala:179) [akka-actor.jar:2.0]
	at akka.dispatch.Mailbox.run(Mailbox.scala:161) [akka-actor.jar:2.0]
	at akka.dispatch.ForkJoinExecutorConfigurator$MailboxExecutionTask.exec(AbstractDispatcher.scala:505) [akka-actor.jar:2.0]
	at akka.jsr166y.ForkJoinTask.doExec(ForkJoinTask.java:259) [akka-actor.jar:2.0]
	at akka.jsr166y.ForkJoinPool$WorkQueue.runTask(ForkJoinPool.java:997) [akka-actor.jar:2.0]
	at akka.jsr166y.ForkJoinPool.runWorker(ForkJoinPool.java:1495) [akka-actor.jar:2.0]
	at akka.jsr166y.ForkJoinWorkerThread.run(ForkJoinWorkerThread.java:104) [akka-actor.jar:2.0]
Caused by: java.lang.IndexOutOfBoundsException: Index: 0, Size: 0
	at java.util.ArrayList.RangeCheck(ArrayList.java:547) ~[na:1.6.0_33]
	at java.util.ArrayList.get(ArrayList.java:322) ~[na:1.6.0_33]
	at com.avaje.ebean.common.BeanList.get(BeanList.java:282) ~[ebean.jar:na]
	at models.Idea.extraInfo(Idea.java:84) ~[classes/:na]
	at controllers.Ideas.change(Ideas.java:220) ~[classes/:na]
	at Routes$$anonfun$routes$1$$anonfun$apply$9$$anonfun$apply$10.apply(routes_routing.scala:108) ~[classes/:na]
	at Routes$$anonfun$routes$1$$anonfun$apply$9$$anonfun$apply$10.apply(routes_routing.scala:108) ~[classes/:na]
	at play.core.Router$HandlerInvoker$$anon$4$$anon$1.invocation(Router.scala:1086) ~[play_2.9.1.jar:2.0]
	at play.core.j.JavaAction$$anon$1.call(JavaAction.scala:33) ~[play_2.9.1.jar:2.0]
	at play.core.j.JavaAction$class.apply(JavaAction.scala:74) ~[play_2.9.1.jar:2.0]
	at play.core.Router$HandlerInvoker$$anon$4$$anon$1.apply(Router.scala:1085) ~[play_2.9.1.jar:2.0]
	at play.core.ActionInvoker$$anonfun$receive$1$$anonfun$4.apply(Invoker.scala:74) ~[play_2.9.1.jar:2.0]
	at play.core.ActionInvoker$$anonfun$receive$1$$anonfun$4.apply(Invoker.scala:74) ~[play_2.9.1.jar:2.0]
	at play.utils.Threads$.withContextClassLoader(Threads.scala:17) ~[play_2.9.1.jar:2.0]
	at play.core.ActionInvoker$$anonfun$receive$1.apply(Invoker.scala:73) [play_2.9.1.jar:2.0]
	... 11 common frames omitted

2012-06-17 19:49:15,476 - [ERROR] - from application in play-akka.actor.actions-dispatcher-10 


! @6alfk8poa - Internal server error, for request [GET /ideas/show] ->

play.core.ActionInvoker$$anonfun$receive$1$$anon$1: Execution exception [[IndexOutOfBoundsException: Index: 0, Size: 0]]
	at play.core.ActionInvoker$$anonfun$receive$1.apply(Invoker.scala:82) [play_2.9.1.jar:2.0]
	at play.core.ActionInvoker$$anonfun$receive$1.apply(Invoker.scala:63) [play_2.9.1.jar:2.0]
	at akka.actor.Actor$class.apply(Actor.scala:290) [akka-actor.jar:2.0]
	at play.core.ActionInvoker.apply(Invoker.scala:61) [play_2.9.1.jar:2.0]
	at akka.actor.ActorCell.invoke(ActorCell.scala:617) [akka-actor.jar:2.0]
	at akka.dispatch.Mailbox.processMailbox(Mailbox.scala:179) [akka-actor.jar:2.0]
	at akka.dispatch.Mailbox.run(Mailbox.scala:161) [akka-actor.jar:2.0]
	at akka.dispatch.ForkJoinExecutorConfigurator$MailboxExecutionTask.exec(AbstractDispatcher.scala:505) [akka-actor.jar:2.0]
	at akka.jsr166y.ForkJoinTask.doExec(ForkJoinTask.java:259) [akka-actor.jar:2.0]
	at akka.jsr166y.ForkJoinPool$WorkQueue.runTask(ForkJoinPool.java:997) [akka-actor.jar:2.0]
	at akka.jsr166y.ForkJoinPool.runWorker(ForkJoinPool.java:1495) [akka-actor.jar:2.0]
	at akka.jsr166y.ForkJoinWorkerThread.run(ForkJoinWorkerThread.java:104) [akka-actor.jar:2.0]
Caused by: java.lang.IndexOutOfBoundsException: Index: 0, Size: 0
	at java.util.ArrayList.RangeCheck(ArrayList.java:547) ~[na:1.6.0_33]
	at java.util.ArrayList.get(ArrayList.java:322) ~[na:1.6.0_33]
	at com.avaje.ebean.common.BeanList.get(BeanList.java:282) ~[ebean.jar:na]
	at models.Idea.extraInfo(Idea.java:84) ~[classes/:na]
	at controllers.Ideas.show(Ideas.java:145) ~[classes/:na]
	at Routes$$anonfun$routes$1$$anonfun$apply$11$$anonfun$apply$12.apply(routes_routing.scala:116) ~[classes/:na]
	at Routes$$anonfun$routes$1$$anonfun$apply$11$$anonfun$apply$12.apply(routes_routing.scala:116) ~[classes/:na]
	at play.core.Router$HandlerInvoker$$anon$4$$anon$1.invocation(Router.scala:1086) ~[play_2.9.1.jar:2.0]
	at play.core.j.JavaAction$$anon$1.call(JavaAction.scala:33) ~[play_2.9.1.jar:2.0]
	at play.core.j.JavaAction$class.apply(JavaAction.scala:74) ~[play_2.9.1.jar:2.0]
	at play.core.Router$HandlerInvoker$$anon$4$$anon$1.apply(Router.scala:1085) ~[play_2.9.1.jar:2.0]
	at play.core.ActionInvoker$$anonfun$receive$1$$anonfun$4.apply(Invoker.scala:74) ~[play_2.9.1.jar:2.0]
	at play.core.ActionInvoker$$anonfun$receive$1$$anonfun$4.apply(Invoker.scala:74) ~[play_2.9.1.jar:2.0]
	at play.utils.Threads$.withContextClassLoader(Threads.scala:17) ~[play_2.9.1.jar:2.0]
	at play.core.ActionInvoker$$anonfun$receive$1.apply(Invoker.scala:73) [play_2.9.1.jar:2.0]
	... 11 common frames omitted

2012-06-17 19:52:41,461 - [INFO] - from play in play-akka.actor.default-dispatcher-6 
database [default] connected at jdbc:mysql://localhost:8889/agora

2012-06-17 19:52:42,327 - [INFO] - from play in play-akka.actor.default-dispatcher-6 
Application started (Dev)

2012-06-17 19:52:55,769 - [ERROR] - from application in play-akka.actor.actions-dispatcher-10 


! @6alfk8pob - Internal server error, for request [GET /ideas/change] ->

play.core.ActionInvoker$$anonfun$receive$1$$anon$1: Execution exception [[IndexOutOfBoundsException: Index: 0, Size: 0]]
	at play.core.ActionInvoker$$anonfun$receive$1.apply(Invoker.scala:82) [play_2.9.1.jar:2.0]
	at play.core.ActionInvoker$$anonfun$receive$1.apply(Invoker.scala:63) [play_2.9.1.jar:2.0]
	at akka.actor.Actor$class.apply(Actor.scala:290) [akka-actor.jar:2.0]
	at play.core.ActionInvoker.apply(Invoker.scala:61) [play_2.9.1.jar:2.0]
	at akka.actor.ActorCell.invoke(ActorCell.scala:617) [akka-actor.jar:2.0]
	at akka.dispatch.Mailbox.processMailbox(Mailbox.scala:179) [akka-actor.jar:2.0]
	at akka.dispatch.Mailbox.run(Mailbox.scala:161) [akka-actor.jar:2.0]
	at akka.dispatch.ForkJoinExecutorConfigurator$MailboxExecutionTask.exec(AbstractDispatcher.scala:505) [akka-actor.jar:2.0]
	at akka.jsr166y.ForkJoinTask.doExec(ForkJoinTask.java:259) [akka-actor.jar:2.0]
	at akka.jsr166y.ForkJoinPool$WorkQueue.runTask(ForkJoinPool.java:997) [akka-actor.jar:2.0]
	at akka.jsr166y.ForkJoinPool.runWorker(ForkJoinPool.java:1495) [akka-actor.jar:2.0]
	at akka.jsr166y.ForkJoinWorkerThread.run(ForkJoinWorkerThread.java:104) [akka-actor.jar:2.0]
Caused by: java.lang.IndexOutOfBoundsException: Index: 0, Size: 0
	at java.util.ArrayList.RangeCheck(ArrayList.java:547) ~[na:1.6.0_33]
	at java.util.ArrayList.get(ArrayList.java:322) ~[na:1.6.0_33]
	at com.avaje.ebean.common.BeanList.get(BeanList.java:282) ~[ebean.jar:na]
	at models.Idea.extraInfo(Idea.java:84) ~[classes/:na]
	at controllers.Ideas.change(Ideas.java:220) ~[classes/:2.0]
	at Routes$$anonfun$routes$1$$anonfun$apply$9$$anonfun$apply$10.apply(routes_routing.scala:108) ~[classes/:na]
	at Routes$$anonfun$routes$1$$anonfun$apply$9$$anonfun$apply$10.apply(routes_routing.scala:108) ~[classes/:na]
	at play.core.Router$HandlerInvoker$$anon$4$$anon$1.invocation(Router.scala:1086) ~[play_2.9.1.jar:2.0]
	at play.core.j.JavaAction$$anon$1.call(JavaAction.scala:33) ~[play_2.9.1.jar:2.0]
	at play.core.j.JavaAction$class.apply(JavaAction.scala:74) ~[play_2.9.1.jar:2.0]
	at play.core.Router$HandlerInvoker$$anon$4$$anon$1.apply(Router.scala:1085) ~[play_2.9.1.jar:2.0]
	at play.core.ActionInvoker$$anonfun$receive$1$$anonfun$4.apply(Invoker.scala:74) ~[play_2.9.1.jar:2.0]
	at play.core.ActionInvoker$$anonfun$receive$1$$anonfun$4.apply(Invoker.scala:74) ~[play_2.9.1.jar:2.0]
	at play.utils.Threads$.withContextClassLoader(Threads.scala:17) ~[play_2.9.1.jar:2.0]
	at play.core.ActionInvoker$$anonfun$receive$1.apply(Invoker.scala:73) [play_2.9.1.jar:2.0]
	... 11 common frames omitted

2012-06-17 19:55:20,052 - [INFO] - from play in play-akka.actor.default-dispatcher-8 
database [default] connected at jdbc:mysql://localhost:8889/agora

2012-06-17 19:55:20,793 - [INFO] - from play in play-akka.actor.default-dispatcher-8 
Application started (Dev)

2012-06-17 19:56:47,285 - [INFO] - from play in play-akka.actor.default-dispatcher-9 
database [default] connected at jdbc:mysql://localhost:8889/agora

2012-06-17 19:56:48,119 - [INFO] - from play in play-akka.actor.default-dispatcher-9 
Application started (Dev)

2012-06-17 19:57:11,755 - [INFO] - from play in play-akka.actor.default-dispatcher-10 
database [default] connected at jdbc:mysql://localhost:8889/agora

2012-06-17 19:57:12,355 - [INFO] - from play in play-akka.actor.default-dispatcher-10 
Application started (Dev)

2012-06-17 19:58:01,112 - [INFO] - from play in play-akka.actor.default-dispatcher-11 
database [default] connected at jdbc:mysql://localhost:8889/agora

2012-06-17 19:58:02,078 - [INFO] - from play in play-akka.actor.default-dispatcher-11 
Application started (Dev)

2012-06-17 19:58:18,408 - [INFO] - from play in play-akka.actor.default-dispatcher-11 
database [default] connected at jdbc:mysql://localhost:8889/agora

2012-06-17 19:58:19,033 - [INFO] - from play in play-akka.actor.default-dispatcher-11 
Application started (Dev)

2012-06-17 19:58:31,098 - [INFO] - from play in play-akka.actor.default-dispatcher-11 
database [default] connected at jdbc:mysql://localhost:8889/agora

2012-06-17 19:58:33,793 - [INFO] - from play in play-akka.actor.default-dispatcher-11 
Application started (Dev)

2012-06-17 19:58:46,328 - [INFO] - from play in play-akka.actor.default-dispatcher-11 
database [default] connected at jdbc:mysql://localhost:8889/agora

2012-06-17 19:58:47,570 - [INFO] - from play in play-akka.actor.default-dispatcher-11 
Application started (Dev)

2012-06-17 19:59:00,910 - [INFO] - from play in play-akka.actor.default-dispatcher-15 
database [default] connected at jdbc:mysql://localhost:8889/agora

2012-06-17 19:59:02,034 - [INFO] - from play in play-akka.actor.default-dispatcher-15 
Application started (Dev)

2012-06-17 19:59:16,550 - [INFO] - from play in play-akka.actor.default-dispatcher-16 
database [default] connected at jdbc:mysql://localhost:8889/agora

2012-06-17 19:59:17,385 - [INFO] - from play in play-akka.actor.default-dispatcher-16 
Application started (Dev)

2012-06-17 19:59:28,267 - [INFO] - from play in play-akka.actor.default-dispatcher-17 
database [default] connected at jdbc:mysql://localhost:8889/agora

2012-06-17 19:59:29,437 - [INFO] - from play in play-akka.actor.default-dispatcher-17 
Application started (Dev)

2012-06-17 19:59:34,538 - [INFO] - from play in play-akka.actor.default-dispatcher-17 
database [default] connected at jdbc:mysql://localhost:8889/agora

2012-06-17 19:59:35,145 - [INFO] - from play in play-akka.actor.default-dispatcher-17 
Application started (Dev)

2012-06-17 19:59:55,421 - [INFO] - from play in play-akka.actor.default-dispatcher-17 
database [default] connected at jdbc:mysql://localhost:8889/agora

2012-06-17 19:59:56,316 - [INFO] - from play in play-akka.actor.default-dispatcher-17 
Application started (Dev)

2012-06-19 17:21:58,427 - [ERROR] - from application in New I/O server worker #1-5 


! Internal server error, for request [GET /ideas/change] ->

java.util.NoSuchElementException: Either.right.value on Left
	at scala.Either$RightProjection.get(Either.scala:229) ~[scala-library.jar:0.11.2]
	at sbt.PlayReloader$$anon$2$$anon$1.<init>(PlayReloader.scala:192) ~[na:na]
	at sbt.PlayReloader$$anon$2.sbt$PlayReloader$$anon$$newClassLoader(PlayReloader.scala:191) ~[na:na]
	at sbt.PlayReloader$$anon$2$$anonfun$reload$3$$anonfun$3$$anonfun$apply$15.apply(PlayReloader.scala:235) ~[na:na]
	at sbt.PlayReloader$$anon$2$$anonfun$reload$3$$anonfun$3$$anonfun$apply$15.apply(PlayReloader.scala:234) ~[na:na]
	at scala.Option.map(Option.scala:133) ~[scala-library.jar:0.11.2]
	at sbt.PlayReloader$$anon$2$$anonfun$reload$3$$anonfun$3.apply(PlayReloader.scala:234) ~[na:na]
	at sbt.PlayReloader$$anon$2$$anonfun$reload$3$$anonfun$3.apply(PlayReloader.scala:233) ~[na:na]
	at scala.Either$RightProjection.map(Either.scala:285) ~[scala-library.jar:0.11.2]
	at sbt.PlayReloader$$anon$2$$anonfun$reload$3.apply(PlayReloader.scala:233) ~[na:na]
	at sbt.PlayReloader$$anon$2$$anonfun$reload$3.apply(PlayReloader.scala:214) ~[na:na]
	at scala.Option.getOrElse(Option.scala:108) ~[scala-library.jar:0.11.2]
	at sbt.PlayReloader$$anon$2.reload(PlayReloader.scala:214) ~[na:na]
	at play.core.ReloadableApplication$$anonfun$get$1.apply(ApplicationProvider.scala:110) ~[play_2.9.1.jar:2.0]
	at play.core.ReloadableApplication$$anonfun$get$1.apply(ApplicationProvider.scala:110) ~[play_2.9.1.jar:2.0]
	at akka.dispatch.Future$$anon$3.liftedTree1$1(Future.scala:195) ~[akka-actor.jar:2.0]
	at akka.dispatch.Future$$anon$3.run(Future.scala:194) ~[akka-actor.jar:2.0]
	at akka.dispatch.TaskInvocation.run(AbstractDispatcher.scala:83) ~[akka-actor.jar:2.0]
	at akka.jsr166y.ForkJoinTask$AdaptedRunnableAction.exec(ForkJoinTask.java:1381) ~[akka-actor.jar:2.0]
	at akka.jsr166y.ForkJoinTask.doExec(ForkJoinTask.java:259) ~[akka-actor.jar:2.0]
	at akka.jsr166y.ForkJoinPool$WorkQueue.runTask(ForkJoinPool.java:997) ~[akka-actor.jar:2.0]
	at akka.jsr166y.ForkJoinPool.runWorker(ForkJoinPool.java:1495) ~[akka-actor.jar:2.0]
	at akka.jsr166y.ForkJoinWorkerThread.run(ForkJoinWorkerThread.java:104) ~[akka-actor.jar:2.0]

2012-06-19 17:26:27,406 - [ERROR] - from application in New I/O server worker #1-5 


! Internal server error, for request [GET /ideas/change] ->

sbt.PlayExceptions$TemplateCompilationException: Compilation error [Unmatched bracket]
	at sbt.PlayCommands$$anonfun$48.apply(PlayCommands.scala:543) ~[na:na]
	at sbt.PlayCommands$$anonfun$48.apply(PlayCommands.scala:519) ~[na:na]
	at sbt.Scoped$$anonfun$hf4$1.apply(Structure.scala:475) ~[na:na]
	at sbt.Scoped$$anonfun$hf4$1.apply(Structure.scala:475) ~[na:na]
	at scala.Function1$$anonfun$compose$1.apply(Function1.scala:41) ~[scala-library.jar:0.11.2]
	at sbt.Scoped$Reduced$$anonfun$combine$1$$anonfun$apply$11.apply(Structure.scala:295) ~[na:na]
	at sbt.Scoped$Reduced$$anonfun$combine$1$$anonfun$apply$11.apply(Structure.scala:295) ~[na:na]
	at sbt.$tilde$greater$$anonfun$$u2219$1.apply(TypeFunctions.scala:40) ~[na:na]
	at sbt.std.Transform$$anon$5.work(System.scala:67) ~[na:na]
	at sbt.Execute$$anonfun$submit$1$$anonfun$apply$1.apply(Execute.scala:221) ~[na:na]
	at sbt.Execute$$anonfun$submit$1$$anonfun$apply$1.apply(Execute.scala:221) ~[na:na]
	at sbt.ErrorHandling$.wideConvert(ErrorHandling.scala:18) ~[na:na]
	at sbt.Execute.work(Execute.scala:227) ~[na:na]
	at sbt.Execute$$anonfun$submit$1.apply(Execute.scala:221) ~[na:na]
	at sbt.Execute$$anonfun$submit$1.apply(Execute.scala:221) ~[na:na]
	at sbt.CompletionService$$anon$1$$anon$2.call(CompletionService.scala:26) ~[na:na]
	at java.util.concurrent.FutureTask$Sync.innerRun(FutureTask.java:303) ~[na:1.6.0_33]
	at java.util.concurrent.FutureTask.run(FutureTask.java:138) ~[na:1.6.0_33]
	at java.util.concurrent.Executors$RunnableAdapter.call(Executors.java:441) ~[na:1.6.0_33]
	at java.util.concurrent.FutureTask$Sync.innerRun(FutureTask.java:303) ~[na:1.6.0_33]
	at java.util.concurrent.FutureTask.run(FutureTask.java:138) ~[na:1.6.0_33]
	at java.util.concurrent.ThreadPoolExecutor$Worker.runTask(ThreadPoolExecutor.java:886) [na:1.6.0_33]
	at java.util.concurrent.ThreadPoolExecutor$Worker.run(ThreadPoolExecutor.java:908) [na:1.6.0_33]
	at java.lang.Thread.run(Thread.java:680) [na:1.6.0_33]

2012-06-19 17:31:45,516 - [ERROR] - from application in New I/O server worker #1-5 


! Internal server error, for request [GET /ideas/change] ->

sbt.PlayExceptions$CompilationException: Compilation error [too many arguments for method apply: ()play.api.templates.Html in object main]
	at sbt.PlayReloader$$anon$2$$anonfun$reload$3$$anonfun$2$$anonfun$apply$11$$anonfun$apply$12.apply(PlayReloader.scala:224) ~[na:na]
	at sbt.PlayReloader$$anon$2$$anonfun$reload$3$$anonfun$2$$anonfun$apply$11$$anonfun$apply$12.apply(PlayReloader.scala:224) ~[na:na]
	at scala.Option.map(Option.scala:133) ~[scala-library.jar:0.11.2]
	at sbt.PlayReloader$$anon$2$$anonfun$reload$3$$anonfun$2$$anonfun$apply$11.apply(PlayReloader.scala:224) ~[na:na]
	at sbt.PlayReloader$$anon$2$$anonfun$reload$3$$anonfun$2$$anonfun$apply$11.apply(PlayReloader.scala:221) ~[na:na]
	at scala.Option.map(Option.scala:133) ~[scala-library.jar:0.11.2]
	at sbt.PlayReloader$$anon$2$$anonfun$reload$3$$anonfun$2.apply(PlayReloader.scala:221) ~[na:na]
	at sbt.PlayReloader$$anon$2$$anonfun$reload$3$$anonfun$2.apply(PlayReloader.scala:219) ~[na:na]
	at scala.Either$LeftProjection.map(Either.scala:183) ~[scala-library.jar:0.11.2]
	at sbt.PlayReloader$$anon$2$$anonfun$reload$3.apply(PlayReloader.scala:219) ~[na:na]
	at sbt.PlayReloader$$anon$2$$anonfun$reload$3.apply(PlayReloader.scala:214) ~[na:na]
	at scala.Option.getOrElse(Option.scala:108) ~[scala-library.jar:0.11.2]
	at sbt.PlayReloader$$anon$2.reload(PlayReloader.scala:214) ~[na:na]
	at play.core.ReloadableApplication$$anonfun$get$1.apply(ApplicationProvider.scala:110) ~[play_2.9.1.jar:2.0]
	at play.core.ReloadableApplication$$anonfun$get$1.apply(ApplicationProvider.scala:110) ~[play_2.9.1.jar:2.0]
	at akka.dispatch.Future$$anon$3.liftedTree1$1(Future.scala:195) ~[akka-actor.jar:2.0]
	at akka.dispatch.Future$$anon$3.run(Future.scala:194) ~[akka-actor.jar:2.0]
	at akka.dispatch.TaskInvocation.run(AbstractDispatcher.scala:83) ~[akka-actor.jar:2.0]
	at akka.jsr166y.ForkJoinTask$AdaptedRunnableAction.exec(ForkJoinTask.java:1381) ~[akka-actor.jar:2.0]
	at akka.jsr166y.ForkJoinTask.doExec(ForkJoinTask.java:259) ~[akka-actor.jar:2.0]
	at akka.jsr166y.ForkJoinPool$WorkQueue.runTask(ForkJoinPool.java:997) ~[akka-actor.jar:2.0]
	at akka.jsr166y.ForkJoinPool.runWorker(ForkJoinPool.java:1495) ~[akka-actor.jar:2.0]
	at akka.jsr166y.ForkJoinWorkerThread.run(ForkJoinWorkerThread.java:104) ~[akka-actor.jar:2.0]

2012-06-19 17:36:36,516 - [ERROR] - from application in New I/O server worker #1-5 


! Internal server error, for request [GET /ideas/change] ->

sbt.PlayExceptions$CompilationException: Compilation error [too many arguments for method apply: ()play.api.templates.Html in object main]
	at sbt.PlayReloader$$anon$2$$anonfun$reload$3$$anonfun$2$$anonfun$apply$11$$anonfun$apply$12.apply(PlayReloader.scala:224) ~[na:na]
	at sbt.PlayReloader$$anon$2$$anonfun$reload$3$$anonfun$2$$anonfun$apply$11$$anonfun$apply$12.apply(PlayReloader.scala:224) ~[na:na]
	at scala.Option.map(Option.scala:133) ~[scala-library.jar:0.11.2]
	at sbt.PlayReloader$$anon$2$$anonfun$reload$3$$anonfun$2$$anonfun$apply$11.apply(PlayReloader.scala:224) ~[na:na]
	at sbt.PlayReloader$$anon$2$$anonfun$reload$3$$anonfun$2$$anonfun$apply$11.apply(PlayReloader.scala:221) ~[na:na]
	at scala.Option.map(Option.scala:133) ~[scala-library.jar:0.11.2]
	at sbt.PlayReloader$$anon$2$$anonfun$reload$3$$anonfun$2.apply(PlayReloader.scala:221) ~[na:na]
	at sbt.PlayReloader$$anon$2$$anonfun$reload$3$$anonfun$2.apply(PlayReloader.scala:219) ~[na:na]
	at scala.Either$LeftProjection.map(Either.scala:183) ~[scala-library.jar:0.11.2]
	at sbt.PlayReloader$$anon$2$$anonfun$reload$3.apply(PlayReloader.scala:219) ~[na:na]
	at sbt.PlayReloader$$anon$2$$anonfun$reload$3.apply(PlayReloader.scala:214) ~[na:na]
	at scala.Option.getOrElse(Option.scala:108) ~[scala-library.jar:0.11.2]
	at sbt.PlayReloader$$anon$2.reload(PlayReloader.scala:214) ~[na:na]
	at play.core.ReloadableApplication$$anonfun$get$1.apply(ApplicationProvider.scala:110) ~[play_2.9.1.jar:2.0]
	at play.core.ReloadableApplication$$anonfun$get$1.apply(ApplicationProvider.scala:110) ~[play_2.9.1.jar:2.0]
	at akka.dispatch.Future$$anon$3.liftedTree1$1(Future.scala:195) ~[akka-actor.jar:2.0]
	at akka.dispatch.Future$$anon$3.run(Future.scala:194) ~[akka-actor.jar:2.0]
	at akka.dispatch.TaskInvocation.run(AbstractDispatcher.scala:83) ~[akka-actor.jar:2.0]
	at akka.jsr166y.ForkJoinTask$AdaptedRunnableAction.exec(ForkJoinTask.java:1381) ~[akka-actor.jar:2.0]
	at akka.jsr166y.ForkJoinTask.doExec(ForkJoinTask.java:259) ~[akka-actor.jar:2.0]
	at akka.jsr166y.ForkJoinPool$WorkQueue.runTask(ForkJoinPool.java:997) ~[akka-actor.jar:2.0]
	at akka.jsr166y.ForkJoinPool.runWorker(ForkJoinPool.java:1495) ~[akka-actor.jar:2.0]
	at akka.jsr166y.ForkJoinWorkerThread.run(ForkJoinWorkerThread.java:104) ~[akka-actor.jar:2.0]

2012-06-19 17:41:44,785 - [INFO] - from play in play-akka.actor.default-dispatcher-23 
database [default] connected at jdbc:mysql://localhost:8889/agora

2012-06-19 17:41:50,229 - [INFO] - from play in play-akka.actor.default-dispatcher-23 
Application started (Dev)

2012-06-19 17:46:35,346 - [INFO] - from play in play-akka.actor.default-dispatcher-23 
database [default] connected at jdbc:mysql://localhost:8889/agora

2012-06-19 17:46:36,084 - [INFO] - from play in play-akka.actor.default-dispatcher-23 
Application started (Dev)

